<?xml version="1.0" encoding="UTF-8"?>
<testng-results ignored="0" total="1" passed="1" failed="0" skipped="0">
  <reporter-output>
  </reporter-output>
  <suite started-at="2023-04-27T08:01:42Z" name="Page Object Basics" finished-at="2023-04-27T08:02:05Z" duration-ms="23255">
    <groups>
    </groups>
    <test started-at="2023-04-27T08:01:42Z" name="Test" finished-at="2023-04-27T08:02:05Z" duration-ms="23255">
      <class name="TestCases.LoginTest">
        <test-method signature="loginTest(java.util.Hashtable)[pri:0, instance:TestCases.LoginTest@28da7d11]" started-at="2023-04-27T08:01:46Z" name="loginTest" data-provider="dp" finished-at="2023-04-27T08:02:04Z" duration-ms="17821" status="PASS">
          <params>
            <param index="0">
              <value>
                <![CDATA[{password=Engineer@828, username=aashnagupta008@gmail.com}]]>
              </value>
            </param>
          </params>
          <reporter-output>
          </reporter-output>
        </test-method> <!-- loginTest -->
        <test-method is-config="true" signature="tearDown()[pri:0, instance:TestCases.LoginTest@28da7d11]" started-at="2023-04-27T08:02:05Z" name="tearDown" finished-at="2023-04-27T08:02:06Z" duration-ms="606" status="PASS">
          <reporter-output>
          </reporter-output>
        </test-method> <!-- tearDown -->
      </class> <!-- TestCases.LoginTest -->
    </test> <!-- Test -->
  </suite> <!-- Page Object Basics -->
</testng-results>
